<?xml version="1.0" encoding="UTF-8"?>
<!-- Generated by org.testng.reporters.JUnitReportReporter -->
<testsuite hostname="EPUAKHAW0722" name="testI.ua.TestPages" tests="6" failures="0" timestamp="26 May 2015 12:31:08 GMT" time="37.557" errors="0">
  <testcase name="login" time="3.676" classname="testI.ua.TestPages"/>
  <testcase name="verifySendedLetters" time="1.700" classname="testI.ua.TestPages"/>
  <testcase name="verifyDraftIsDisappear" time="20.284" classname="testI.ua.TestPages"/>
  <testcase name="createNewLetter" time="4.913" classname="testI.ua.TestPages"/>
  <testcase name="logout" time="3.531" classname="testI.ua.TestPages"/>
  <testcase name="verifyBodyOfLetter" time="3.453" classname="testI.ua.TestPages"/>
</testsuite> <!-- testI.ua.TestPages -->
