<?xml version="1.0" encoding="UTF-8"?>
<!-- Generated by org.testng.reporters.JUnitReportReporter -->
<testsuite hostname="EPUAKHAW0224" name="testMail.TestYandex" tests="6" failures="0" timestamp="2 Jun 2015 09:24:20 GMT" time="9.788" errors="0">
  <testcase name="logout" time="1.738" classname="testMail.TestYandex"/>
  <testcase name="verifyBodyOfLetter" time="0.853" classname="testMail.TestYandex"/>
  <testcase name="verifySendedLetters" time="0.284" classname="testMail.TestYandex"/>
  <testcase name="verifyDraftIsDisappear" time="0.410" classname="testMail.TestYandex"/>
  <testcase name="login" time="3.712" classname="testMail.TestYandex"/>
  <testcase name="createNewLetter" time="2.791" classname="testMail.TestYandex"/>
</testsuite> <!-- testMail.TestYandex -->
