<?xml version="1.0" encoding="UTF-8"?>
<!-- Generated by org.testng.reporters.JUnitReportReporter -->
<testsuite hostname="EPUAKHAW0722" name="testMail.TestGmail" tests="6" failures="0" timestamp="27 May 2015 11:15:25 GMT" time="24.261" errors="0">
  <testcase name="logout" time="2.770" classname="testMail.TestGmail"/>
  <testcase name="verifySendedLetters" time="5.909" classname="testMail.TestGmail"/>
  <testcase name="createNewLetter" time="8.312" classname="testMail.TestGmail"/>
  <testcase name="login" time="4.567" classname="testMail.TestGmail"/>
  <testcase name="verifyDraftIsDisappear" time="0.632" classname="testMail.TestGmail"/>
  <testcase name="verifyBodyOfLetter" time="2.071" classname="testMail.TestGmail"/>
</testsuite> <!-- testMail.TestGmail -->
