<?xml version="1.0" encoding="UTF-8"?>
<!-- Generated by org.testng.reporters.JUnitReportReporter -->
<testsuite hostname="EPUAKHAW0224" name="testMail.TestGmail" tests="6" failures="0" timestamp="2 Jun 2015 09:39:43 GMT" time="20.473" errors="0">
  <testcase name="verifyBodyOfLetter" time="1.670" classname="testMail.TestGmail"/>
  <testcase name="logout" time="3.093" classname="testMail.TestGmail"/>
  <testcase name="login" time="3.705" classname="testMail.TestGmail"/>
  <testcase name="createNewLetter" time="5.897" classname="testMail.TestGmail"/>
  <testcase name="verifyDraftIsDisappear" time="0.471" classname="testMail.TestGmail"/>
  <testcase name="verifySendedLetters" time="5.637" classname="testMail.TestGmail"/>
</testsuite> <!-- testMail.TestGmail -->
